0 info it worked if it ends with ok
1 verbose cli [ 'node', '/usr/local/bin/npm', 'install', 'vulcanize', '-g' ]
2 info using npm@1.4.28
3 info using node@v0.10.33
4 verbose cache add [ 'vulcanize', null ]
5 verbose cache add name=undefined spec="vulcanize" args=["vulcanize",null]
6 verbose parsed url { protocol: null,
6 verbose parsed url   slashes: null,
6 verbose parsed url   auth: null,
6 verbose parsed url   host: null,
6 verbose parsed url   port: null,
6 verbose parsed url   hostname: null,
6 verbose parsed url   hash: null,
6 verbose parsed url   search: null,
6 verbose parsed url   query: null,
6 verbose parsed url   pathname: 'vulcanize',
6 verbose parsed url   path: 'vulcanize',
6 verbose parsed url   href: 'vulcanize' }
7 silly lockFile 03cbe3c1-vulcanize vulcanize
8 verbose lock vulcanize /Users/pixelfiend/.npm/03cbe3c1-vulcanize.lock
9 silly lockFile 03cbe3c1-vulcanize vulcanize
10 silly lockFile 03cbe3c1-vulcanize vulcanize
11 verbose addNamed [ 'vulcanize', '' ]
12 verbose addNamed [ null, '*' ]
13 silly lockFile 5340c566-vulcanize vulcanize@
14 verbose lock vulcanize@ /Users/pixelfiend/.npm/5340c566-vulcanize.lock
15 silly addNameRange { name: 'vulcanize', range: '*', hasData: false }
16 verbose request where is /vulcanize
17 verbose request registry https://registry.npmjs.org/
18 verbose request id e02b8cd7a0c4c2c7
19 verbose url raw /vulcanize
20 verbose url resolving [ 'https://registry.npmjs.org/', './vulcanize' ]
21 verbose url resolved https://registry.npmjs.org/vulcanize
22 verbose request where is https://registry.npmjs.org/vulcanize
23 info trying registry request attempt 1 at 18:14:58
24 http GET https://registry.npmjs.org/vulcanize
25 http 200 https://registry.npmjs.org/vulcanize
26 silly registry.get cb [ 200,
26 silly registry.get   { date: 'Sat, 03 Jan 2015 02:14:59 GMT',
26 silly registry.get     server: 'CouchDB/1.5.0 (Erlang OTP/R14B04)',
26 silly registry.get     etag: '"8CWC8J6BZ0OONNAC49Z12725S"',
26 silly registry.get     'content-type': 'application/json',
26 silly registry.get     'cache-control': 'max-age=60',
26 silly registry.get     'content-length': '53062',
26 silly registry.get     'accept-ranges': 'bytes',
26 silly registry.get     via: '1.1 varnish',
26 silly registry.get     age: '0',
26 silly registry.get     'x-served-by': 'cache-sjc3132-SJC',
26 silly registry.get     'x-cache': 'MISS',
26 silly registry.get     'x-cache-hits': '0',
26 silly registry.get     'x-timer': 'S1420251299.037341,VS0,VE81',
26 silly registry.get     vary: 'Accept',
26 silly registry.get     'keep-alive': 'timeout=10, max=50',
26 silly registry.get     connection: 'Keep-Alive' } ]
27 silly addNameRange number 2 { name: 'vulcanize', range: '*', hasData: true }
28 silly addNameRange versions [ 'vulcanize',
28 silly addNameRange   [ '0.0.1',
28 silly addNameRange     '0.1.0',
28 silly addNameRange     '0.1.1',
28 silly addNameRange     '0.1.2',
28 silly addNameRange     '0.1.3',
28 silly addNameRange     '0.1.4',
28 silly addNameRange     '0.1.5',
28 silly addNameRange     '0.1.6',
28 silly addNameRange     '0.1.7',
28 silly addNameRange     '0.1.8',
28 silly addNameRange     '0.1.9',
28 silly addNameRange     '0.1.10',
28 silly addNameRange     '0.1.11',
28 silly addNameRange     '0.1.12',
28 silly addNameRange     '0.1.13',
28 silly addNameRange     '0.1.14',
28 silly addNameRange     '0.1.15',
28 silly addNameRange     '0.2.0',
28 silly addNameRange     '0.2.1',
28 silly addNameRange     '0.2.2',
28 silly addNameRange     '0.2.3',
28 silly addNameRange     '0.2.4',
28 silly addNameRange     '0.2.5',
28 silly addNameRange     '0.2.6',
28 silly addNameRange     '0.2.7',
28 silly addNameRange     '0.3.0',
28 silly addNameRange     '0.3.1',
28 silly addNameRange     '0.4.0',
28 silly addNameRange     '0.4.1',
28 silly addNameRange     '0.4.2',
28 silly addNameRange     '0.4.3',
28 silly addNameRange     '0.5.0',
28 silly addNameRange     '0.6.1',
28 silly addNameRange     '0.6.2',
28 silly addNameRange     '0.7.0',
28 silly addNameRange     '0.7.1',
28 silly addNameRange     '0.7.2',
28 silly addNameRange     '0.7.3',
28 silly addNameRange     '0.7.4',
28 silly addNameRange     '0.7.5' ] ]
29 verbose addNamed [ 'vulcanize', '0.7.5' ]
30 verbose addNamed [ '0.7.5', '0.7.5' ]
31 silly lockFile 7331a113-vulcanize-0-7-5 vulcanize@0.7.5
32 verbose lock vulcanize@0.7.5 /Users/pixelfiend/.npm/7331a113-vulcanize-0-7-5.lock
33 silly lockFile b41a69de-rg-vulcanize-vulcanize-0-7-5-tgz https://registry.npmjs.org/vulcanize/-/vulcanize-0.7.5.tgz
34 verbose lock https://registry.npmjs.org/vulcanize/-/vulcanize-0.7.5.tgz /Users/pixelfiend/.npm/b41a69de-rg-vulcanize-vulcanize-0-7-5-tgz.lock
35 verbose addRemoteTarball [ 'https://registry.npmjs.org/vulcanize/-/vulcanize-0.7.5.tgz',
35 verbose addRemoteTarball   '0a8e7d6556e3b421f293547f06105ecf9beadbfb' ]
36 info retry fetch attempt 1 at 18:14:59
37 verbose fetch to= /var/folders/7v/j77wwqm96ps_pc3lrp09yp1m0000gn/T/npm-12760-YuG01f77/registry.npmjs.org/vulcanize/-/vulcanize-0.7.5.tgz
38 http GET https://registry.npmjs.org/vulcanize/-/vulcanize-0.7.5.tgz
39 http 200 https://registry.npmjs.org/vulcanize/-/vulcanize-0.7.5.tgz
40 silly lockFile b41a69de-rg-vulcanize-vulcanize-0-7-5-tgz https://registry.npmjs.org/vulcanize/-/vulcanize-0.7.5.tgz
41 silly lockFile b41a69de-rg-vulcanize-vulcanize-0-7-5-tgz https://registry.npmjs.org/vulcanize/-/vulcanize-0.7.5.tgz
42 silly lockFile 7331a113-vulcanize-0-7-5 vulcanize@0.7.5
43 silly lockFile 7331a113-vulcanize-0-7-5 vulcanize@0.7.5
44 silly lockFile 5340c566-vulcanize vulcanize@
45 silly lockFile 5340c566-vulcanize vulcanize@
46 silly resolved [ { name: 'vulcanize',
46 silly resolved     version: '0.7.5',
46 silly resolved     description: 'Process Web Components into one output file',
46 silly resolved     main: 'lib/vulcan.js',
46 silly resolved     bin: { vulcanize: 'bin/vulcanize' },
46 silly resolved     dependencies:
46 silly resolved      { nopt: '^3.0.1',
46 silly resolved        'uglify-js': '^2.4.15',
46 silly resolved        whacko: '0.17.2',
46 silly resolved        'update-notifier': '^0.2.2' },
46 silly resolved     devDependencies: { jshint: '^2.5.6', mocha: '^2.0.1' },
46 silly resolved     scripts: { test: 'jshint --verbose lib/*.js bin/* test/*.js && node_modules/.bin/mocha' },
46 silly resolved     author: { name: 'Daniel Freedman' },
46 silly resolved     license: 'BSD',
46 silly resolved     directories: { test: 'test' },
46 silly resolved     keywords: [ 'web components', 'polymer' ],
46 silly resolved     repository: { type: 'git', url: 'git://github.com/Polymer/vulcanize.git' },
46 silly resolved     bugs: { url: 'https://github.com/Polymer/vulcanize/issues' },
46 silly resolved     optionalDependencies: { 'update-notifier': '^0.2.2' },
46 silly resolved     gitHead: 'fadf0429f2e6ee191907ed47d5a4b9396b4f2114',
46 silly resolved     homepage: 'https://github.com/Polymer/vulcanize',
46 silly resolved     _id: 'vulcanize@0.7.5',
46 silly resolved     _shasum: '0a8e7d6556e3b421f293547f06105ecf9beadbfb',
46 silly resolved     _from: 'vulcanize@',
46 silly resolved     _npmVersion: '1.4.28',
46 silly resolved     _npmUser: { name: 'azakus', email: 'dfreedm@google.com' },
46 silly resolved     maintainers: [ [Object], [Object] ],
46 silly resolved     dist:
46 silly resolved      { shasum: '0a8e7d6556e3b421f293547f06105ecf9beadbfb',
46 silly resolved        tarball: 'http://registry.npmjs.org/vulcanize/-/vulcanize-0.7.5.tgz' },
46 silly resolved     _resolved: 'https://registry.npmjs.org/vulcanize/-/vulcanize-0.7.5.tgz' } ]
47 info install vulcanize@0.7.5 into /usr/local/lib
48 info installOne vulcanize@0.7.5
49 verbose lib/node_modules/vulcanize unbuild
50 verbose tar unpack /Users/pixelfiend/.npm/vulcanize/0.7.5/package.tgz
51 silly lockFile cb65f41a-local-lib-node-modules-vulcanize tar:///usr/local/lib/node_modules/vulcanize
52 verbose lock tar:///usr/local/lib/node_modules/vulcanize /Users/pixelfiend/.npm/cb65f41a-local-lib-node-modules-vulcanize.lock
53 silly lockFile 98c20004--npm-vulcanize-0-7-5-package-tgz tar:///Users/pixelfiend/.npm/vulcanize/0.7.5/package.tgz
54 verbose lock tar:///Users/pixelfiend/.npm/vulcanize/0.7.5/package.tgz /Users/pixelfiend/.npm/98c20004--npm-vulcanize-0-7-5-package-tgz.lock
55 silly gunzTarPerm modes [ '755', '644' ]
56 error Error: EACCES, mkdir '/usr/local/lib/node_modules/vulcanize'
56 error  { [Error: EACCES, mkdir '/usr/local/lib/node_modules/vulcanize']
56 error   errno: 3,
56 error   code: 'EACCES',
56 error   path: '/usr/local/lib/node_modules/vulcanize',
56 error   fstream_type: 'Directory',
56 error   fstream_path: '/usr/local/lib/node_modules/vulcanize',
56 error   fstream_class: 'DirWriter',
56 error   fstream_stack:
56 error    [ '/usr/local/lib/node_modules/npm/node_modules/fstream/lib/dir-writer.js:36:23',
56 error      '/usr/local/lib/node_modules/npm/node_modules/mkdirp/index.js:46:53',
56 error      'Object.oncomplete (fs.js:107:15)' ] }
57 error Please try running this command again as root/Administrator.
58 error System Darwin 14.0.0
59 error command "node" "/usr/local/bin/npm" "install" "vulcanize" "-g"
60 error cwd /Users/pixelfiend/workspace/polymer-sandbox
61 error node -v v0.10.33
62 error npm -v 1.4.28
63 error path /usr/local/lib/node_modules/vulcanize
64 error fstream_path /usr/local/lib/node_modules/vulcanize
65 error fstream_type Directory
66 error fstream_class DirWriter
67 error code EACCES
68 error errno 3
69 error stack Error: EACCES, mkdir '/usr/local/lib/node_modules/vulcanize'
70 error fstream_stack /usr/local/lib/node_modules/npm/node_modules/fstream/lib/dir-writer.js:36:23
70 error fstream_stack /usr/local/lib/node_modules/npm/node_modules/mkdirp/index.js:46:53
70 error fstream_stack Object.oncomplete (fs.js:107:15)
71 verbose exit [ 3, true ]
