0 info it worked if it ends with ok
1 verbose cli [ 'node',
1 verbose cli   '/usr/local/bin/npm',
1 verbose cli   'install',
1 verbose cli   '--save-dev',
1 verbose cli   'gulp-sourcemaps' ]
2 info using npm@1.4.28
3 info using node@v0.10.33
4 warn package.json component-build@1.0.0 No repository field.
5 verbose readDependencies using package.json deps
6 verbose cache add [ 'gulp-sourcemaps', null ]
7 verbose cache add name=undefined spec="gulp-sourcemaps" args=["gulp-sourcemaps",null]
8 verbose parsed url { protocol: null,
8 verbose parsed url   slashes: null,
8 verbose parsed url   auth: null,
8 verbose parsed url   host: null,
8 verbose parsed url   port: null,
8 verbose parsed url   hostname: null,
8 verbose parsed url   hash: null,
8 verbose parsed url   search: null,
8 verbose parsed url   query: null,
8 verbose parsed url   pathname: 'gulp-sourcemaps',
8 verbose parsed url   path: 'gulp-sourcemaps',
8 verbose parsed url   href: 'gulp-sourcemaps' }
9 silly lockFile 5c5345b9-gulp-sourcemaps gulp-sourcemaps
10 verbose lock gulp-sourcemaps /Users/pixelfiend/.npm/5c5345b9-gulp-sourcemaps.lock
11 silly lockFile 5c5345b9-gulp-sourcemaps gulp-sourcemaps
12 silly lockFile 5c5345b9-gulp-sourcemaps gulp-sourcemaps
13 verbose addNamed [ 'gulp-sourcemaps', '' ]
14 verbose addNamed [ null, '*' ]
15 silly lockFile e21003b7-gulp-sourcemaps gulp-sourcemaps@
16 verbose lock gulp-sourcemaps@ /Users/pixelfiend/.npm/e21003b7-gulp-sourcemaps.lock
17 silly addNameRange { name: 'gulp-sourcemaps', range: '*', hasData: false }
18 verbose request where is /gulp-sourcemaps
19 verbose request registry https://registry.npmjs.org/
20 verbose request id 7da6a1b956f207c3
21 verbose url raw /gulp-sourcemaps
22 verbose url resolving [ 'https://registry.npmjs.org/', './gulp-sourcemaps' ]
23 verbose url resolved https://registry.npmjs.org/gulp-sourcemaps
24 verbose request where is https://registry.npmjs.org/gulp-sourcemaps
25 info trying registry request attempt 1 at 16:55:27
26 verbose etag "TB75E2JC2YQG4HXHA0GKDQQI"
27 http GET https://registry.npmjs.org/gulp-sourcemaps
28 http 200 https://registry.npmjs.org/gulp-sourcemaps
29 silly registry.get cb [ 200,
29 silly registry.get   { date: 'Wed, 07 Jan 2015 00:55:28 GMT',
29 silly registry.get     server: 'CouchDB/1.5.0 (Erlang OTP/R16B03)',
29 silly registry.get     etag: '"3NUB2REF26WGCVFYK5LZFP5V2"',
29 silly registry.get     'content-type': 'application/json',
29 silly registry.get     'cache-control': 'max-age=60',
29 silly registry.get     'content-length': '49366',
29 silly registry.get     'accept-ranges': 'bytes',
29 silly registry.get     via: '1.1 varnish',
29 silly registry.get     age: '0',
29 silly registry.get     'x-served-by': 'cache-sjc3134-SJC',
29 silly registry.get     'x-cache': 'HIT',
29 silly registry.get     'x-cache-hits': '1',
29 silly registry.get     'x-timer': 'S1420592127.928554,VS0,VE90',
29 silly registry.get     vary: 'Accept',
29 silly registry.get     'keep-alive': 'timeout=10, max=50',
29 silly registry.get     connection: 'Keep-Alive' } ]
30 silly addNameRange number 2 { name: 'gulp-sourcemaps', range: '*', hasData: true }
31 silly addNameRange versions [ 'gulp-sourcemaps',
31 silly addNameRange   [ '0.2.0',
31 silly addNameRange     '0.2.1',
31 silly addNameRange     '0.3.0',
31 silly addNameRange     '0.3.1',
31 silly addNameRange     '0.4.0',
31 silly addNameRange     '0.4.1',
31 silly addNameRange     '0.4.2',
31 silly addNameRange     '0.4.3',
31 silly addNameRange     '0.4.4',
31 silly addNameRange     '0.4.5',
31 silly addNameRange     '0.4.6',
31 silly addNameRange     '1.0.0',
31 silly addNameRange     '1.1.0',
31 silly addNameRange     '1.1.1',
31 silly addNameRange     '1.1.2',
31 silly addNameRange     '1.1.3',
31 silly addNameRange     '1.1.4',
31 silly addNameRange     '1.1.5',
31 silly addNameRange     '1.2.0',
31 silly addNameRange     '1.2.1',
31 silly addNameRange     '1.2.2',
31 silly addNameRange     '1.2.3',
31 silly addNameRange     '1.2.4',
31 silly addNameRange     '1.2.5',
31 silly addNameRange     '1.2.6',
31 silly addNameRange     '1.2.7',
31 silly addNameRange     '1.2.8',
31 silly addNameRange     '1.3.0' ] ]
32 verbose addNamed [ 'gulp-sourcemaps', '1.3.0' ]
33 verbose addNamed [ '1.3.0', '1.3.0' ]
34 silly lockFile c9dc25b5-gulp-sourcemaps-1-3-0 gulp-sourcemaps@1.3.0
35 verbose lock gulp-sourcemaps@1.3.0 /Users/pixelfiend/.npm/c9dc25b5-gulp-sourcemaps-1-3-0.lock
36 silly lockFile 18b35538-cemaps-gulp-sourcemaps-1-3-0-tgz https://registry.npmjs.org/gulp-sourcemaps/-/gulp-sourcemaps-1.3.0.tgz
37 verbose lock https://registry.npmjs.org/gulp-sourcemaps/-/gulp-sourcemaps-1.3.0.tgz /Users/pixelfiend/.npm/18b35538-cemaps-gulp-sourcemaps-1-3-0-tgz.lock
38 verbose addRemoteTarball [ 'https://registry.npmjs.org/gulp-sourcemaps/-/gulp-sourcemaps-1.3.0.tgz',
38 verbose addRemoteTarball   'f8f72759fc8b1ec68c37365b4714ce239242d054' ]
39 info retry fetch attempt 1 at 16:55:28
40 verbose fetch to= /var/folders/7v/j77wwqm96ps_pc3lrp09yp1m0000gn/T/npm-11369-M8GEFY05/registry.npmjs.org/gulp-sourcemaps/-/gulp-sourcemaps-1.3.0.tgz
41 http GET https://registry.npmjs.org/gulp-sourcemaps/-/gulp-sourcemaps-1.3.0.tgz
42 http 200 https://registry.npmjs.org/gulp-sourcemaps/-/gulp-sourcemaps-1.3.0.tgz
43 silly lockFile 18b35538-cemaps-gulp-sourcemaps-1-3-0-tgz https://registry.npmjs.org/gulp-sourcemaps/-/gulp-sourcemaps-1.3.0.tgz
44 silly lockFile 18b35538-cemaps-gulp-sourcemaps-1-3-0-tgz https://registry.npmjs.org/gulp-sourcemaps/-/gulp-sourcemaps-1.3.0.tgz
45 silly lockFile c9dc25b5-gulp-sourcemaps-1-3-0 gulp-sourcemaps@1.3.0
46 silly lockFile c9dc25b5-gulp-sourcemaps-1-3-0 gulp-sourcemaps@1.3.0
47 silly lockFile e21003b7-gulp-sourcemaps gulp-sourcemaps@
48 silly lockFile e21003b7-gulp-sourcemaps gulp-sourcemaps@
49 error Error: EACCES, mkdir '/Users/pixelfiend/.npm/gulp-sourcemaps/1.3.0'
49 error  { [Error: EACCES, mkdir '/Users/pixelfiend/.npm/gulp-sourcemaps/1.3.0']
49 error   errno: 3,
49 error   code: 'EACCES',
49 error   path: '/Users/pixelfiend/.npm/gulp-sourcemaps/1.3.0',
49 error   parent: 'component-build' }
50 error Please try running this command again as root/Administrator.
51 error System Darwin 14.0.0
52 error command "node" "/usr/local/bin/npm" "install" "--save-dev" "gulp-sourcemaps"
53 error cwd /Users/pixelfiend/workspace/polymer-sandbox/component-build
54 error node -v v0.10.33
55 error npm -v 1.4.28
56 error path /Users/pixelfiend/.npm/gulp-sourcemaps/1.3.0
57 error code EACCES
58 error errno 3
59 error stack Error: EACCES, mkdir '/Users/pixelfiend/.npm/gulp-sourcemaps/1.3.0'
60 verbose exit [ 3, true ]
